Copyright 1986-2022 Xilinx, Inc. All Rights Reserved.
-------------------------------------------------------------------------------------------------------------------------------------------------
| Tool Version     : Vivado v.2022.2 (win64) Build 3671981 Fri Oct 14 05:00:03 MDT 2022
| Date             : Tue Dec  5 20:42:01 2023
| Host             : DESKTOP-T2LGR09 running 64-bit major release  (build 9200)
| Command          : report_power -file cb_filter_power_routed.rpt -pb cb_filter_power_summary_routed.pb -rpx cb_filter_power_routed.rpx
| Design           : cb_filter
| Device           : xc7s50csga324-1
| Design State     : routed
| Grade            : commercial
| Process          : typical
| Characterization : Production
-------------------------------------------------------------------------------------------------------------------------------------------------

Power Report

Table of Contents
-----------------
1. Summary
1.1 On-Chip Components
1.2 Power Supply Summary
1.3 Confidence Level
2. Settings
2.1 Environment
2.2 Clock Constraints
3. Detailed Reports
3.1 By Hierarchy

1. Summary
----------

+--------------------------+--------------+
| Total On-Chip Power (W)  | 7.545        |
| Design Power Budget (W)  | Unspecified* |
| Power Budget Margin (W)  | NA           |
| Dynamic (W)              | 7.438        |
| Device Static (W)        | 0.107        |
| Effective TJA (C/W)      | 4.9          |
| Max Ambient (C)          | 47.7         |
| Junction Temperature (C) | 62.3         |
| Confidence Level         | Low          |
| Setting File             | ---          |
| Simulation Activity File | ---          |
| Design Nets Matched      | NA           |
+--------------------------+--------------+
* Specify Design Power Budget using, set_operating_conditions -design_power_budget <value in Watts>


1.1 On-Chip Components
----------------------

+----------------+-----------+----------+-----------+-----------------+
| On-Chip        | Power (W) | Used     | Available | Utilization (%) |
+----------------+-----------+----------+-----------+-----------------+
| Slice Logic    |     1.685 |      382 |       --- |             --- |
|   LUT as Logic |     1.644 |      245 |     32600 |            0.75 |
|   Register     |     0.031 |       85 |     65200 |            0.13 |
|   BUFG         |     0.006 |        1 |        32 |            3.13 |
|   CARRY4       |     0.004 |        2 |      8150 |            0.02 |
|   Others       |     0.000 |        2 |       --- |             --- |
| Signals        |     2.128 |      370 |       --- |             --- |
| I/O            |     3.624 |       88 |       210 |           41.90 |
| Static Power   |     0.107 |          |           |                 |
| Total          |     7.545 |          |           |                 |
+----------------+-----------+----------+-----------+-----------------+


1.2 Power Supply Summary
------------------------

+-----------+-------------+-----------+-------------+------------+-------------+-------------+------------+
| Source    | Voltage (V) | Total (A) | Dynamic (A) | Static (A) | Powerup (A) | Budget (A)  | Margin (A) |
+-----------+-------------+-----------+-------------+------------+-------------+-------------+------------+
| Vccint    |       1.000 |     4.170 |       4.130 |      0.040 |       NA    | Unspecified | NA         |
| Vccaux    |       1.800 |     0.287 |       0.271 |      0.016 |       NA    | Unspecified | NA         |
| Vcco33    |       3.300 |     0.000 |       0.000 |      0.000 |       NA    | Unspecified | NA         |
| Vcco25    |       2.500 |     0.000 |       0.000 |      0.000 |       NA    | Unspecified | NA         |
| Vcco18    |       1.800 |     1.568 |       1.567 |      0.001 |       NA    | Unspecified | NA         |
| Vcco15    |       1.500 |     0.000 |       0.000 |      0.000 |       NA    | Unspecified | NA         |
| Vcco135   |       1.350 |     0.000 |       0.000 |      0.000 |       NA    | Unspecified | NA         |
| Vcco12    |       1.200 |     0.000 |       0.000 |      0.000 |       NA    | Unspecified | NA         |
| Vccaux_io |       1.800 |     0.000 |       0.000 |      0.000 |       NA    | Unspecified | NA         |
| Vccbram   |       1.000 |     0.001 |       0.000 |      0.001 |       NA    | Unspecified | NA         |
| Vccadc    |       1.800 |     0.020 |       0.000 |      0.020 |       NA    | Unspecified | NA         |
+-----------+-------------+-----------+-------------+------------+-------------+-------------+------------+


1.3 Confidence Level
--------------------

+-----------------------------+------------+--------------------------------------------------------+--------------------------------------------------------------------------------------------------------------------+
| User Input Data             | Confidence | Details                                                | Action                                                                                                             |
+-----------------------------+------------+--------------------------------------------------------+--------------------------------------------------------------------------------------------------------------------+
| Design implementation state | High       | Design is routed                                       |                                                                                                                    |
| Clock nodes activity        | Low        | User specified less than 75% of clocks                 | Provide missing clock activity with a constraint file, simulation results or by editing the "By Clock Domain" view |
| I/O nodes activity          | Low        | More than 75% of inputs are missing user specification | Provide missing input activity with simulation results or by editing the "By Resource Type -> I/Os" view           |
| Internal nodes activity     | Medium     | User specified less than 25% of internal nodes         | Provide missing internal nodes activity with simulation results or by editing the "By Resource Type" views         |
| Device models               | High       | Device models are Production                           |                                                                                                                    |
|                             |            |                                                        |                                                                                                                    |
| Overall confidence level    | Low        |                                                        |                                                                                                                    |
+-----------------------------+------------+--------------------------------------------------------+--------------------------------------------------------------------------------------------------------------------+


2. Settings
-----------

2.1 Environment
---------------

+-----------------------+--------------------------+
| Ambient Temp (C)      | 25.0                     |
| ThetaJA (C/W)         | 4.9                      |
| Airflow (LFM)         | 250                      |
| Heat Sink             | medium (Medium Profile)  |
| ThetaSA (C/W)         | 4.6                      |
| Board Selection       | medium (10"x10")         |
| # of Board Layers     | 12to15 (12 to 15 Layers) |
| Board Temperature (C) | 25.0                     |
+-----------------------+--------------------------+


2.2 Clock Constraints
---------------------

+-------+--------+-----------------+
| Clock | Domain | Constraint (ns) |
+-------+--------+-----------------+


3. Detailed Reports
-------------------

3.1 By Hierarchy
----------------

+----------------------------+-----------+
| Name                       | Power (W) |
+----------------------------+-----------+
| cb_filter                  |     7.438 |
|   gen_buckets[0].i_bucket  |     0.272 |
|     i_counter              |     0.272 |
|   gen_buckets[10].i_bucket |     0.122 |
|     i_counter              |     0.122 |
|   gen_buckets[11].i_bucket |     0.126 |
|     i_counter              |     0.126 |
|   gen_buckets[12].i_bucket |     0.185 |
|     i_counter              |     0.185 |
|   gen_buckets[13].i_bucket |     0.137 |
|     i_counter              |     0.137 |
|   gen_buckets[14].i_bucket |     0.121 |
|     i_counter              |     0.121 |
|   gen_buckets[15].i_bucket |     0.161 |
|     i_counter              |     0.161 |
|   gen_buckets[1].i_bucket  |     0.221 |
|     i_counter              |     0.221 |
|   gen_buckets[2].i_bucket  |     0.185 |
|     i_counter              |     0.185 |
|   gen_buckets[3].i_bucket  |     0.199 |
|     i_counter              |     0.199 |
|   gen_buckets[4].i_bucket  |     0.175 |
|     i_counter              |     0.175 |
|   gen_buckets[5].i_bucket  |     0.129 |
|     i_counter              |     0.129 |
|   gen_buckets[6].i_bucket  |     0.131 |
|     i_counter              |     0.131 |
|   gen_buckets[7].i_bucket  |     0.121 |
|     i_counter              |     0.121 |
|   gen_buckets[8].i_bucket  |     0.201 |
|     i_counter              |     0.201 |
|   gen_buckets[9].i_bucket  |     0.155 |
|     i_counter              |     0.155 |
|   i_tot_count              |     0.089 |
|     i_counter              |     0.089 |
+----------------------------+-----------+


