Copyright 1986-2022 Xilinx, Inc. All Rights Reserved.
--------------------------------------------------------------------------------------
| Tool Version : Vivado v.2022.2 (win64) Build 3671981 Fri Oct 14 05:00:03 MDT 2022
| Date         : Tue Dec  5 20:41:44 2023
| Host         : DESKTOP-T2LGR09 running 64-bit major release  (build 9200)
| Command      : report_control_sets -verbose -file cb_filter_control_sets_placed.rpt
| Design       : cb_filter
| Device       : xc7s50
--------------------------------------------------------------------------------------

Control Set Information

Table of Contents
-----------------
1. Summary
2. Histogram
3. Flip-Flop Distribution
4. Detailed Control Set Information

1. Summary
----------

+----------------------------------------------------------+-------+
|                          Status                          | Count |
+----------------------------------------------------------+-------+
| Total control sets                                       |    17 |
|    Minimum number of control sets                        |    17 |
|    Addition due to synthesis replication                 |     0 |
|    Addition due to physical synthesis replication        |     0 |
| Unused register locations in slices containing registers |    51 |
+----------------------------------------------------------+-------+
* Control sets can be merged at opt_design using control_set_merge or merge_equivalent_drivers
** Run report_qor_suggestions for automated merging and remapping suggestions


2. Histogram
------------

+--------------------+-------+
|       Fanout       | Count |
+--------------------+-------+
| Total control sets |    17 |
| >= 0 to < 4        |     0 |
| >= 4 to < 6        |    17 |
| >= 6 to < 8        |     0 |
| >= 8 to < 10       |     0 |
| >= 10 to < 12      |     0 |
| >= 12 to < 14      |     0 |
| >= 14 to < 16      |     0 |
| >= 16              |     0 |
+--------------------+-------+
* Control sets can be remapped at either synth_design or opt_design


3. Flip-Flop Distribution
-------------------------

+--------------+-----------------------+------------------------+-----------------+--------------+
| Clock Enable | Synchronous Set/Reset | Asynchronous Set/Reset | Total Registers | Total Slices |
+--------------+-----------------------+------------------------+-----------------+--------------+
| No           | No                    | No                     |               0 |            0 |
| No           | No                    | Yes                    |               0 |            0 |
| No           | Yes                   | No                     |               0 |            0 |
| Yes          | No                    | No                     |               0 |            0 |
| Yes          | No                    | Yes                    |              85 |           35 |
| Yes          | Yes                   | No                     |               0 |            0 |
+--------------+-----------------------+------------------------+-----------------+--------------+


4. Detailed Control Set Information
-----------------------------------

+------------------+-------------------------------------------------------------+------------------------------+------------------+----------------+--------------+
|   Clock Signal   |                        Enable Signal                        |       Set/Reset Signal       | Slice Load Count | Bel Load Count | Bels / Slice |
+------------------+-------------------------------------------------------------+------------------------------+------------------+----------------+--------------+
|  clk_i_IBUF_BUFG | gen_buckets[10].i_bucket/i_counter/counter_q[4]_i_1__4_n_0  | i_tot_count/i_counter/rst_ni |                2 |              5 |         2.50 |
|  clk_i_IBUF_BUFG | gen_buckets[11].i_bucket/i_counter/counter_q[4]_i_1__0_n_0  | i_tot_count/i_counter/rst_ni |                2 |              5 |         2.50 |
|  clk_i_IBUF_BUFG | gen_buckets[5].i_bucket/i_counter/counter_q[4]_i_1__9_n_0   | i_tot_count/i_counter/rst_ni |                1 |              5 |         5.00 |
|  clk_i_IBUF_BUFG | gen_buckets[1].i_bucket/i_counter/counter_q[4]_i_1__10_n_0  | i_tot_count/i_counter/rst_ni |                2 |              5 |         2.50 |
|  clk_i_IBUF_BUFG | gen_buckets[6].i_bucket/i_counter/counter_q[4]_i_1__5_n_0   | i_tot_count/i_counter/rst_ni |                2 |              5 |         2.50 |
|  clk_i_IBUF_BUFG | gen_buckets[7].i_bucket/i_counter/counter_q[4]_i_1__1_n_0   | i_tot_count/i_counter/rst_ni |                2 |              5 |         2.50 |
|  clk_i_IBUF_BUFG | gen_buckets[8].i_bucket/i_counter/counter_q[4]_i_1__12_n_0  | i_tot_count/i_counter/rst_ni |                2 |              5 |         2.50 |
|  clk_i_IBUF_BUFG | gen_buckets[9].i_bucket/i_counter/counter_q[4]_i_1__8_n_0   | i_tot_count/i_counter/rst_ni |                2 |              5 |         2.50 |
|  clk_i_IBUF_BUFG | i_tot_count/i_counter/counter_q[4]_i_1__15_n_0              | i_tot_count/i_counter/rst_ni |                2 |              5 |         2.50 |
|  clk_i_IBUF_BUFG | gen_buckets[12].i_bucket/i_counter/counter_q[4]_i_1__11_n_0 | i_tot_count/i_counter/rst_ni |                2 |              5 |         2.50 |
|  clk_i_IBUF_BUFG | gen_buckets[13].i_bucket/i_counter/counter_q[4]_i_1__7_n_0  | i_tot_count/i_counter/rst_ni |                2 |              5 |         2.50 |
|  clk_i_IBUF_BUFG | gen_buckets[14].i_bucket/i_counter/counter_q[4]_i_1__3_n_0  | i_tot_count/i_counter/rst_ni |                2 |              5 |         2.50 |
|  clk_i_IBUF_BUFG | gen_buckets[15].i_bucket/i_counter/counter_q[4]_i_1_n_0     | i_tot_count/i_counter/rst_ni |                3 |              5 |         1.67 |
|  clk_i_IBUF_BUFG | gen_buckets[0].i_bucket/i_counter/counter_q[4]_i_1__14_n_0  | i_tot_count/i_counter/rst_ni |                1 |              5 |         5.00 |
|  clk_i_IBUF_BUFG | gen_buckets[2].i_bucket/i_counter/counter_q[4]_i_1__6_n_0   | i_tot_count/i_counter/rst_ni |                3 |              5 |         1.67 |
|  clk_i_IBUF_BUFG | gen_buckets[3].i_bucket/i_counter/counter_q[4]_i_1__2_n_0   | i_tot_count/i_counter/rst_ni |                3 |              5 |         1.67 |
|  clk_i_IBUF_BUFG | gen_buckets[4].i_bucket/i_counter/counter_q[4]_i_1__13_n_0  | i_tot_count/i_counter/rst_ni |                2 |              5 |         2.50 |
+------------------+-------------------------------------------------------------+------------------------------+------------------+----------------+--------------+


